android_App2/build/outputs/logs/manifest-merger-debug-report.txt
-- Merging decision tree log ---
manifest
ADDED from src\main\AndroidManifest.xml:2:1-295:12
	xmlns:android
		ADDED from src\main\AndroidManifest.xml:2:11-69
	package
		ADDED from src\main\AndroidManifest.xml:3:5-31
		INJECTED from src\main\AndroidManifest.xml
		INJECTED from src\main\AndroidManifest.xml
	android:versionName
		ADDED from src\main\AndroidManifest.xml:5:5-30
	android:versionCode
		ADDED from src\main\AndroidManifest.xml:4:5-28
		INJECTED from src\main\AndroidManifest.xml
		INJECTED from src\main\AndroidManifest.xml
uses-sdk
ADDED from src\main\AndroidManifest.xml:7:5-9:41
MERGED from [Android_App2:weiboSDK:unspecified] AndroidManifest.xml:7:5-9:40
MERGED from [Android_App2:library:unspecified] AndroidManifest.xml:7:5-9:41
MERGED from [Android_App2:pullToRefreshLibrary:unspecified] AndroidManifest.xml:7:5-9:40
	android:targetSdkVersion
		ADDED from src\main\AndroidManifest.xml:9:9-38
		INJECTED from src\main\AndroidManifest.xml
		INJECTED from src\main\AndroidManifest.xml
	android:minSdkVersion
		ADDED from src\main\AndroidManifest.xml:8:9-35
		INJECTED from src\main\AndroidManifest.xml
		INJECTED from src\main\AndroidManifest.xml
uses-permission#android.permission.RECORD_AUDIO
ADDED from src\main\AndroidManifest.xml:11:5-71
	android:name
		ADDED from src\main\AndroidManifest.xml:11:22-68
uses-permission#android.permission.CAMERA
ADDED from src\main\AndroidManifest.xml:12:5-65
	android:name
		ADDED from src\main\AndroidManifest.xml:12:22-62
uses-permission#android.permission.READ_PHONE_STATE
ADDED from src\main\AndroidManifest.xml:13:5-75
	android:name
		ADDED from src\main\AndroidManifest.xml:13:22-72
uses-permission#android.permission.READ_CONTACTS
ADDED from src\main\AndroidManifest.xml:14:5-72
	android:name
		ADDED from src\main\AndroidManifest.xml:14:22-69
uses-permission#android.permission.WRITE_CONTACTS
ADDED from src\main\AndroidManifest.xml:15:5-73
	android:name
		ADDED from src\main\AndroidManifest.xml:15:22-70
uses-permission#android.permission.WAKE_LOCK
ADDED from src\main\AndroidManifest.xml:16:5-68
	android:name
		ADDED from src\main\AndroidManifest.xml:16:22-65
uses-permission#android.permission.RECEIVE_BOOT_COMPLETED
ADDED from src\main\AndroidManifest.xml:17:5-81
	android:name
		ADDED from src\main\AndroidManifest.xml:17:22-78
uses-permission#android.permission.VIBRATE
ADDED from src\main\AndroidManifest.xml:18:5-66
	android:name
		ADDED from src\main\AndroidManifest.xml:18:22-63
uses-permission#android.permission.GET_TASKS
ADDED from src\main\AndroidManifest.xml:19:5-68
	android:name
		ADDED from src\main\AndroidManifest.xml:19:22-65
uses-permission#android.permission.ACCESS_COARSE_LOCATION
ADDED from src\main\AndroidManifest.xml:22:5-81
	android:name
		ADDED from src\main\AndroidManifest.xml:22:22-78
uses-permission#android.permission.ACCESS_FINE_LOCATION
ADDED from src\main\AndroidManifest.xml:24:5-79
	android:name
		ADDED from src\main\AndroidManifest.xml:24:22-76
uses-permission#android.permission.ACCESS_WIFI_STATE
ADDED from src\main\AndroidManifest.xml:26:5-76
	android:name
		ADDED from src\main\AndroidManifest.xml:26:22-73
uses-permission#android.permission.ACCESS_NETWORK_STATE
ADDED from src\main\AndroidManifest.xml:28:5-79
	android:name
		ADDED from src\main\AndroidManifest.xml:28:22-76
uses-permission#android.permission.CHANGE_WIFI_STATE
ADDED from src\main\AndroidManifest.xml:30:5-76
	android:name
		ADDED from src\main\AndroidManifest.xml:30:22-73
uses-permission#android.permission.WRITE_EXTERNAL_STORAGE
ADDED from src\main\AndroidManifest.xml:34:5-81
	android:name
		ADDED from src\main\AndroidManifest.xml:34:22-78
uses-permission#android.permission.READ_EXTERNAL_STORAGE
ADDED from src\main\AndroidManifest.xml:35:5-80
	android:name
		ADDED from src\main\AndroidManifest.xml:35:22-77
uses-permission#android.permission.INTERNET
ADDED from src\main\AndroidManifest.xml:37:5-67
	android:name
		ADDED from src\main\AndroidManifest.xml:37:22-64
uses-permission#android.permission.MOUNT_UNMOUNT_FILESYSTEMS
ADDED from src\main\AndroidManifest.xml:38:5-84
	android:name
		ADDED from src\main\AndroidManifest.xml:38:22-81
uses-permission#android.permission.READ_LOGS
ADDED from src\main\AndroidManifest.xml:40:5-68
	android:name
		ADDED from src\main\AndroidManifest.xml:40:22-65
uses-permission#android.permission.GET_ACCOUNTS
ADDED from src\main\AndroidManifest.xml:41:5-71
	android:name
		ADDED from src\main\AndroidManifest.xml:41:22-68
uses-permission#android.permission.USE_CREDENTIALS
ADDED from src\main\AndroidManifest.xml:42:5-74
	android:name
		ADDED from src\main\AndroidManifest.xml:42:22-71
uses-permission#android.permission.MANAGE_ACCOUNTS
ADDED from src\main\AndroidManifest.xml:43:5-74
	android:name
		ADDED from src\main\AndroidManifest.xml:43:22-71
uses-permission#android.permission.AUTHENTICATE_ACCOUNTS
ADDED from src\main\AndroidManifest.xml:44:5-80
	android:name
		ADDED from src\main\AndroidManifest.xml:44:22-77
uses-permission#com.android.launcher.permission.READ_SETTINGS
ADDED from src\main\AndroidManifest.xml:45:5-85
	android:name
		ADDED from src\main\AndroidManifest.xml:45:22-82
uses-permission#android.permission.BROADCAST_STICKY
ADDED from src\main\AndroidManifest.xml:46:5-75
	android:name
		ADDED from src\main\AndroidManifest.xml:46:22-72
uses-permission#android.permission.WRITE_SETTINGS
ADDED from src\main\AndroidManifest.xml:47:5-73
	android:name
		ADDED from src\main\AndroidManifest.xml:47:22-70
application
ADDED from src\main\AndroidManifest.xml:49:5-293:19
MERGED from [Android_App2:pullToRefreshLibrary:unspecified] AndroidManifest.xml:11:5-20
	android:screenOrientation
		ADDED from src\main\AndroidManifest.xml:54:9-45
	android:label
		ADDED from src\main\AndroidManifest.xml:53:9-41
	android:allowBackup
		ADDED from src\main\AndroidManifest.xml:51:9-35
	android:icon
		ADDED from src\main\AndroidManifest.xml:52:9-45
	android:theme
		ADDED from src\main\AndroidManifest.xml:55:9-48
	android:name
		ADDED from src\main\AndroidManifest.xml:50:9-66
meta-data#com.baidu.lbsapi.API_KEY
ADDED from src\main\AndroidManifest.xml:58:9-60:56
	android:name
		ADDED from src\main\AndroidManifest.xml:59:13-52
	android:value
		ADDED from src\main\AndroidManifest.xml:60:13-53
service#com.baidu.location.f
ADDED from src\main\AndroidManifest.xml:62:9-66:19
	android:process
		ADDED from src\main\AndroidManifest.xml:65:13-38
	android:enabled
		ADDED from src\main\AndroidManifest.xml:64:13-35
	android:name
		ADDED from src\main\AndroidManifest.xml:63:13-48
activity#com.slife.gopapa.activity.WelcomeActivity
ADDED from src\main\AndroidManifest.xml:68:9-77:20
	android:label
		ADDED from src\main\AndroidManifest.xml:70:13-45
	android:name
		ADDED from src\main\AndroidManifest.xml:69:13-69
	android:launchMode
		ADDED from src\main\AndroidManifest.xml:71:13-43
intent-filter#android.intent.action.MAIN+android.intent.category.LAUNCHER
ADDED from src\main\AndroidManifest.xml:72:13-76:29
action#android.intent.action.MAIN
ADDED from src\main\AndroidManifest.xml:73:17-69
	android:name
		ADDED from src\main\AndroidManifest.xml:73:25-66
category#android.intent.category.LAUNCHER
ADDED from src\main\AndroidManifest.xml:75:17-77
	android:name
		ADDED from src\main\AndroidManifest.xml:75:27-74
activity#com.slife.gopapa.activity.GuideActivity
ADDED from src\main\AndroidManifest.xml:78:9-76
	android:name
		ADDED from src\main\AndroidManifest.xml:78:19-73
activity#com.slife.gopapa.activity.DBActivity
ADDED from src\main\AndroidManifest.xml:79:9-73
	android:name
		ADDED from src\main\AndroidManifest.xml:79:19-70
activity#com.slife.gopapa.activity.login.LoginActivity
ADDED from src\main\AndroidManifest.xml:80:9-82
	android:name
		ADDED from src\main\AndroidManifest.xml:80:19-79
activity#com.slife.gopapa.activity.login.FindPasswordActivity
ADDED from src\main\AndroidManifest.xml:81:9-89
	android:name
		ADDED from src\main\AndroidManifest.xml:81:19-86
activity#com.slife.gopapa.activity.login.RegisterActivity
ADDED from src\main\AndroidManifest.xml:82:9-85
	android:name
		ADDED from src\main\AndroidManifest.xml:82:19-82
activity#com.slife.gopapa.activity.login.RegisterSuccessActivity
ADDED from src\main\AndroidManifest.xml:83:9-92
	android:name
		ADDED from src\main\AndroidManifest.xml:83:19-89
activity#com.slife.gopapa.activity.login.SelectCityActivity
ADDED from src\main\AndroidManifest.xml:84:9-87
	android:name
		ADDED from src\main\AndroidManifest.xml:84:19-84
activity#com.slife.gopapa.activity.login.LoginedActivity
ADDED from src\main\AndroidManifest.xml:85:9-84
	android:name
		ADDED from src\main\AndroidManifest.xml:85:19-81
activity#com.slife.gopapa.activity.TabMainActivity
ADDED from src\main\AndroidManifest.xml:86:9-78
	android:name
		ADDED from src\main\AndroidManifest.xml:86:19-75
activity#com.slife.gopapa.activity.ranking.RankingActivity
ADDED from src\main\AndroidManifest.xml:87:9-86
	android:name
		ADDED from src\main\AndroidManifest.xml:87:19-83
activity#com.slife.gopapa.activity.ranking.PersonInformationActivity
ADDED from src\main\AndroidManifest.xml:88:9-96
	android:name
		ADDED from src\main\AndroidManifest.xml:88:19-93
activity#com.slife.gopapa.activity.news.NewsActivity
ADDED from src\main\AndroidManifest.xml:89:9-80
	android:name
		ADDED from src\main\AndroidManifest.xml:89:19-77
activity#com.slife.gopapa.activity.news.SearchFriendsActivity
ADDED from src\main\AndroidManifest.xml:90:9-89
	android:name
		ADDED from src\main\AndroidManifest.xml:90:19-86
activity#com.slife.gopapa.activity.news.OffcialAssistantActivity
ADDED from src\main\AndroidManifest.xml:91:9-92
	android:name
		ADDED from src\main\AndroidManifest.xml:91:19-89
activity#com.slife.gopapa.activity.news.NewsFriendsActivity
ADDED from src\main\AndroidManifest.xml:92:9-87
	android:name
		ADDED from src\main\AndroidManifest.xml:92:19-84
activity#com.slife.gopapa.activity.news.AboutMatchActivity
ADDED from src\main\AndroidManifest.xml:93:9-86
	android:name
		ADDED from src\main\AndroidManifest.xml:93:19-83
activity#com.slife.gopapa.activity.news.ChatActivity
ADDED from src\main\AndroidManifest.xml:94:9-80
	android:name
		ADDED from src\main\AndroidManifest.xml:94:19-77
activity#com.slife.gopapa.activity.news.MyFriendsActivity
ADDED from src\main\AndroidManifest.xml:95:9-85
	android:name
		ADDED from src\main\AndroidManifest.xml:95:19-82
activity#com.slife.gopapa.activity.news.ImageDetailActivity
ADDED from src\main\AndroidManifest.xml:96:11-89
	android:name
		ADDED from src\main\AndroidManifest.xml:96:21-86
activity#com.slife.gopapa.activity.competition.InvitationActivity
ADDED from src\main\AndroidManifest.xml:97:9-93
	android:name
		ADDED from src\main\AndroidManifest.xml:97:19-90
activity#com.slife.gopapa.activity.competition.InvitationPointActivity
ADDED from src\main\AndroidManifest.xml:98:9-98
	android:name
		ADDED from src\main\AndroidManifest.xml:98:19-95
activity#com.slife.gopapa.activity.competition.MyJoinOrInvitationActivity
ADDED from src\main\AndroidManifest.xml:99:9-101
	android:name
		ADDED from src\main\AndroidManifest.xml:99:19-98
activity#com.slife.gopapa.activity.competition.MyJoinActivity
ADDED from src\main\AndroidManifest.xml:100:9-89
	android:name
		ADDED from src\main\AndroidManifest.xml:100:19-86
activity#com.slife.gopapa.activity.competition.MyJoinOrInvitationDetailActivity
ADDED from src\main\AndroidManifest.xml:101:9-103:47
	android:name
		ADDED from src\main\AndroidManifest.xml:102:13-98
	android:launchMode
		ADDED from src\main\AndroidManifest.xml:103:13-44
activity#com.slife.gopapa.activity.competition.MapActivity
ADDED from src\main\AndroidManifest.xml:104:9-86
	android:name
		ADDED from src\main\AndroidManifest.xml:104:19-83
activity#com.slife.gopapa.activity.competition.CommitResultActivity
ADDED from src\main\AndroidManifest.xml:105:9-95
	android:name
		ADDED from src\main\AndroidManifest.xml:105:19-92
activity#com.slife.gopapa.activity.competition.SubmitResultActivity
ADDED from src\main\AndroidManifest.xml:106:9-95
	android:name
		ADDED from src\main\AndroidManifest.xml:106:19-92
activity#com.slife.gopapa.activity.mine.MineActivity
ADDED from src\main\AndroidManifest.xml:107:9-80
	android:name
		ADDED from src\main\AndroidManifest.xml:107:19-77
activity#com.slife.gopapa.activity.mine.PersonalInformationActivity
ADDED from src\main\AndroidManifest.xml:108:9-95
	android:name
		ADDED from src\main\AndroidManifest.xml:108:19-92
activity#com.slife.gopapa.activity.mine.ModifyPersonInformationActivity
ADDED from src\main\AndroidManifest.xml:109:9-99
	android:name
		ADDED from src\main\AndroidManifest.xml:109:19-96
activity#com.slife.gopapa.activity.competition.CompetitionPointActivity
ADDED from src\main\AndroidManifest.xml:110:9-99
	android:name
		ADDED from src\main\AndroidManifest.xml:110:19-96
activity#com.slife.gopapa.activity.mine.HowToGetVitalityPointActivity
ADDED from src\main\AndroidManifest.xml:111:9-97
	android:name
		ADDED from src\main\AndroidManifest.xml:111:19-94
activity#com.slife.gopapa.activity.mine.HowToGetVitalityPointDetailActivity
ADDED from src\main\AndroidManifest.xml:112:9-103
	android:name
		ADDED from src\main\AndroidManifest.xml:112:19-100
activity#com.slife.gopapa.activity.competition.VitalityPointActivity
ADDED from src\main\AndroidManifest.xml:113:9-96
	android:name
		ADDED from src\main\AndroidManifest.xml:113:19-93
activity#com.slife.gopapa.activity.mine.SelectActivity
ADDED from src\main\AndroidManifest.xml:114:9-82
	android:name
		ADDED from src\main\AndroidManifest.xml:114:19-79
activity#com.slife.gopapa.activity.mine.ShowHeadImgActivity
ADDED from src\main\AndroidManifest.xml:115:9-87
	android:name
		ADDED from src\main\AndroidManifest.xml:115:19-84
activity#com.slife.gopapa.activity.mine.SelectHeadImgActivity
ADDED from src\main\AndroidManifest.xml:116:9-89
	android:name
		ADDED from src\main\AndroidManifest.xml:116:19-86
activity#com.slife.gopapa.activity.mine.ShowImageStep1Activity
ADDED from src\main\AndroidManifest.xml:117:9-90
	android:name
		ADDED from src\main\AndroidManifest.xml:117:19-87
activity#com.slife.gopapa.activity.mine.ShowImageStep2Activity
ADDED from src\main\AndroidManifest.xml:118:9-90
	android:name
		ADDED from src\main\AndroidManifest.xml:118:19-87
activity#com.slife.gopapa.activity.mine.ShareActivity
ADDED from src\main\AndroidManifest.xml:119:9-81
	android:name
		ADDED from src\main\AndroidManifest.xml:119:19-78
activity#com.slife.gopapa.activity.mine.ShowBigHeadActivity
ADDED from src\main\AndroidManifest.xml:120:9-87
	android:name
		ADDED from src\main\AndroidManifest.xml:120:19-84
activity#com.slife.gopapa.activity.mine.setting.SettingActivity
ADDED from src\main\AndroidManifest.xml:121:9-91
	android:name
		ADDED from src\main\AndroidManifest.xml:121:19-88
activity#com.slife.gopapa.activity.mine.setting.UpdatePasswordActivity
ADDED from src\main\AndroidManifest.xml:122:9-98
	android:name
		ADDED from src\main\AndroidManifest.xml:122:19-95
activity#com.slife.gopapa.activity.mine.setting.RemindSettingActivity
ADDED from src\main\AndroidManifest.xml:123:9-97
	android:name
		ADDED from src\main\AndroidManifest.xml:123:19-94
activity#com.slife.gopapa.activity.mine.setting.OpinionFeddBackActivity
ADDED from src\main\AndroidManifest.xml:124:9-99
	android:name
		ADDED from src\main\AndroidManifest.xml:124:19-96
activity#com.slife.gopapa.activity.mine.setting.AboutPapaActivity
ADDED from src\main\AndroidManifest.xml:125:9-93
	android:name
		ADDED from src\main\AndroidManifest.xml:125:19-90
activity#com.slife.gopapa.activity.mine.setting.AgreenmentActivity
ADDED from src\main\AndroidManifest.xml:126:9-94
	android:name
		ADDED from src\main\AndroidManifest.xml:126:19-91
activity#com.slife.gopapa.feedback.bug.FeedBackBugActivity
ADDED from src\main\AndroidManifest.xml:127:9-86
	android:name
		ADDED from src\main\AndroidManifest.xml:127:19-83
service#com.slife.gopapa.service.VerifyUserService
ADDED from src\main\AndroidManifest.xml:129:9-78
	android:name
		ADDED from src\main\AndroidManifest.xml:129:18-75
service#com.slife.gopapa.service.ChatService
ADDED from src\main\AndroidManifest.xml:130:9-72
	android:name
		ADDED from src\main\AndroidManifest.xml:130:18-69
service#com.slife.gopapa.service.PostPersonInfoService
ADDED from src\main\AndroidManifest.xml:131:9-82
	android:name
		ADDED from src\main\AndroidManifest.xml:131:18-79
service#com.slife.gopapa.service.UpdateSportTagService
ADDED from src\main\AndroidManifest.xml:132:9-82
	android:name
		ADDED from src\main\AndroidManifest.xml:132:18-79
service#com.slife.gopapa.service.DownloadHeadImgService
ADDED from src\main\AndroidManifest.xml:133:9-83
	android:name
		ADDED from src\main\AndroidManifest.xml:133:18-80
receiver#com.slife.gopapa.broadcast.PushReceiver
ADDED from src\main\AndroidManifest.xml:135:9-141:20
	android:exported
		ADDED from src\main\AndroidManifest.xml:137:13-37
	android:name
		ADDED from src\main\AndroidManifest.xml:136:13-67
intent-filter#com.igexin.sdk.action.ugEBRV58rIAkZ2d7qRl0d8
ADDED from src\main\AndroidManifest.xml:138:13-140:29
action#com.igexin.sdk.action.ugEBRV58rIAkZ2d7qRl0d8
ADDED from src\main\AndroidManifest.xml:139:17-87
	android:name
		ADDED from src\main\AndroidManifest.xml:139:25-84
receiver#com.slife.gopapa.broadcast.ListenNetStateReveiver
ADDED from src\main\AndroidManifest.xml:142:9-148:20
	android:label
		ADDED from src\main\AndroidManifest.xml:144:13-46
	android:name
		ADDED from src\main\AndroidManifest.xml:143:13-77
intent-filter#android.net.conn.CONNECTIVITY_CHANGE
ADDED from src\main\AndroidManifest.xml:145:13-147:29
action#android.net.conn.CONNECTIVITY_CHANGE
ADDED from src\main\AndroidManifest.xml:146:17-79
	android:name
		ADDED from src\main\AndroidManifest.xml:146:25-76
activity#cn.sharesdk.framework.ShareSDKUIShell
ADDED from src\main\AndroidManifest.xml:151:9-186:20
	android:windowSoftInputMode
		ADDED from src\main\AndroidManifest.xml:156:13-67
	android:screenOrientation
		ADDED from src\main\AndroidManifest.xml:154:13-49
	android:configChanges
		ADDED from src\main\AndroidManifest.xml:153:13-63
	android:theme
		ADDED from src\main\AndroidManifest.xml:155:13-72
	android:name
		ADDED from src\main\AndroidManifest.xml:152:13-65
meta-data#AuthorizeAdapter
ADDED from src\main\AndroidManifest.xml:162:3-164:52
	android:name
		ADDED from src\main\AndroidManifest.xml:163:7-38
	android:value
		ADDED from src\main\AndroidManifest.xml:164:7-49
meta-data#QZoneWebShareAdapter
ADDED from src\main\AndroidManifest.xml:170:13-172:75
	android:name
		ADDED from src\main\AndroidManifest.xml:171:17-52
	android:value
		ADDED from src\main\AndroidManifest.xml:172:17-72
intent-filter#android.intent.action.VIEW+android.intent.category.BROWSABLE+android.intent.category.DEFAULT
ADDED from src\main\AndroidManifest.xml:178:13-185:29
data
ADDED from src\main\AndroidManifest.xml:179:17-60
	android:scheme
		ADDED from src\main\AndroidManifest.xml:179:23-57
action#android.intent.action.VIEW
ADDED from src\main\AndroidManifest.xml:181:17-69
	android:name
		ADDED from src\main\AndroidManifest.xml:181:25-66
category#android.intent.category.DEFAULT
ADDED from src\main\AndroidManifest.xml:183:17-76
	android:name
		ADDED from src\main\AndroidManifest.xml:183:27-73
category#android.intent.category.BROWSABLE
ADDED from src\main\AndroidManifest.xml:184:17-78
	android:name
		ADDED from src\main\AndroidManifest.xml:184:27-75
activity#cn.sharesdk.example.sina.wxapi.WXEntryActivity
ADDED from src\main\AndroidManifest.xml:187:9-190:52
	android:screenOrientation
		ADDED from src\main\AndroidManifest.xml:190:13-49
	android:exported
		ADDED from src\main\AndroidManifest.xml:189:13-36
	android:name
		ADDED from src\main\AndroidManifest.xml:188:13-74
meta-data#PUSH_APPID
ADDED from src\main\AndroidManifest.xml:193:9-195:54
	android:name
		ADDED from src\main\AndroidManifest.xml:194:13-38
	android:value
		ADDED from src\main\AndroidManifest.xml:195:13-51
meta-data#PUSH_APPKEY
ADDED from src\main\AndroidManifest.xml:196:9-198:54
	android:name
		ADDED from src\main\AndroidManifest.xml:197:13-39
	android:value
		ADDED from src\main\AndroidManifest.xml:198:13-51
meta-data#PUSH_APPSECRET
ADDED from src\main\AndroidManifest.xml:199:9-201:54
	android:name
		ADDED from src\main\AndroidManifest.xml:200:13-42
	android:value
		ADDED from src\main\AndroidManifest.xml:201:13-51
meta-data#PUSH_GROUPID
ADDED from src\main\AndroidManifest.xml:202:9-204:32
	android:name
		ADDED from src\main\AndroidManifest.xml:203:13-40
	android:value
		ADDED from src\main\AndroidManifest.xml:204:13-29
service#com.igexin.sdk.PushService
ADDED from src\main\AndroidManifest.xml:206:9-211:19
	android:label
		ADDED from src\main\AndroidManifest.xml:209:13-47
	android:process
		ADDED from src\main\AndroidManifest.xml:210:13-43
	android:exported
		ADDED from src\main\AndroidManifest.xml:208:13-36
	android:name
		ADDED from src\main\AndroidManifest.xml:207:13-54
receiver#com.igexin.sdk.PushReceiver
ADDED from src\main\AndroidManifest.xml:213:9-220:20
	android:name
		ADDED from src\main\AndroidManifest.xml:213:19-61
intent-filter#android.intent.action.BOOT_COMPLETED+android.intent.action.USER_PRESENT+android.net.conn.CONNECTIVITY_CHANGE+com.igexin.sdk.action.refreshls
ADDED from src\main\AndroidManifest.xml:214:13-219:29
action#android.intent.action.BOOT_COMPLETED
ADDED from src\main\AndroidManifest.xml:215:17-79
	android:name
		ADDED from src\main\AndroidManifest.xml:215:25-76
action#android.intent.action.USER_PRESENT
ADDED from src\main\AndroidManifest.xml:217:17-77
	android:name
		ADDED from src\main\AndroidManifest.xml:217:25-74
action#com.igexin.sdk.action.refreshls
ADDED from src\main\AndroidManifest.xml:218:17-74
	android:name
		ADDED from src\main\AndroidManifest.xml:218:25-71
receiver#com.igexin.sdk.PushManagerReceiver
ADDED from src\main\AndroidManifest.xml:221:9-227:20
	android:exported
		ADDED from src\main\AndroidManifest.xml:223:13-37
	android:name
		ADDED from src\main\AndroidManifest.xml:222:13-62
intent-filter#com.igexin.sdk.action.pushmanager
ADDED from src\main\AndroidManifest.xml:224:13-226:29
action#com.igexin.sdk.action.pushmanager
ADDED from src\main\AndroidManifest.xml:225:17-76
	android:name
		ADDED from src\main\AndroidManifest.xml:225:25-73
activity#com.igexin.sdk.PushActivity
ADDED from src\main\AndroidManifest.xml:229:9-236:20
	android:theme
		ADDED from src\main\AndroidManifest.xml:235:13-72
	android:process
		ADDED from src\main\AndroidManifest.xml:233:13-43
	android:exported
		ADDED from src\main\AndroidManifest.xml:232:13-37
	android:excludeFromRecents
		ADDED from src\main\AndroidManifest.xml:231:13-46
	android:taskAffinity
		ADDED from src\main\AndroidManifest.xml:234:13-67
	android:name
		ADDED from src\main\AndroidManifest.xml:230:13-55
receiver#com.igexin.getuiext.service.PayloadReceiver
ADDED from src\main\AndroidManifest.xml:238:9-248:20
	android:exported
		ADDED from src\main\AndroidManifest.xml:240:13-37
	android:name
		ADDED from src\main\AndroidManifest.xml:239:13-71
intent-filter#com.igexin.sdk.action.7fjUl2Z3LH6xYy7NQK4ni4+com.igexin.sdk.action.ugEBRV58rIAkZ2d7qRl0d8
ADDED from src\main\AndroidManifest.xml:241:13-247:29
action#com.igexin.sdk.action.7fjUl2Z3LH6xYy7NQK4ni4
ADDED from src\main\AndroidManifest.xml:244:17-87
	android:name
		ADDED from src\main\AndroidManifest.xml:244:25-84
service#com.igexin.getuiext.service.GetuiExtService
ADDED from src\main\AndroidManifest.xml:250:9-252:46
	android:process
		ADDED from src\main\AndroidManifest.xml:252:13-43
	android:name
		ADDED from src\main\AndroidManifest.xml:251:13-71
service#com.igexin.download.DownloadService
ADDED from src\main\AndroidManifest.xml:254:9-256:46
	android:process
		ADDED from src\main\AndroidManifest.xml:256:13-43
	android:name
		ADDED from src\main\AndroidManifest.xml:255:13-63
receiver#com.igexin.download.DownloadReceiver
ADDED from src\main\AndroidManifest.xml:258:9-262:20
	android:name
		ADDED from src\main\AndroidManifest.xml:258:19-70
provider#com.igexin.download.DownloadProvider
ADDED from src\main\AndroidManifest.xml:264:9-267:46
	android:process
		ADDED from src\main\AndroidManifest.xml:267:13-43
	android:authorities
		ADDED from src\main\AndroidManifest.xml:266:13-61
	android:name
		ADDED from src\main\AndroidManifest.xml:265:13-64
activity#com.tencent.tauth.AuthActivity
ADDED from src\main\AndroidManifest.xml:269:9-281:20
	android:noHistory
		ADDED from src\main\AndroidManifest.xml:272:13-37
	android:name
		ADDED from src\main\AndroidManifest.xml:270:13-58
	android:launchMode
		ADDED from src\main\AndroidManifest.xml:271:13-44
activity#com.tencent.connect.common.AssistActivity
ADDED from src\main\AndroidManifest.xml:282:9-287:20
	android:screenOrientation
		ADDED from src\main\AndroidManifest.xml:285:13-49
	android:configChanges
		ADDED from src\main\AndroidManifest.xml:284:13-63
	android:theme
		ADDED from src\main\AndroidManifest.xml:286:13-72
	android:name
		ADDED from src\main\AndroidManifest.xml:283:13-69
activity#com.slife.gopapa.wxapi.WXEntryActivity
ADDED from src\main\AndroidManifest.xml:288:9-292:20
	android:label
		ADDED from src\main\AndroidManifest.xml:291:13-45
	android:exported
		ADDED from src\main\AndroidManifest.xml:290:13-36
	android:name
		ADDED from src\main\AndroidManifest.xml:289:13-50